{"C:\\Users\\bryan\\OneDrive\\Documents\\giithub-repositories\\react\\fh-2025\\03-gifs-app\\src\\GifsApp.tsx": {"path":"C:\\Users\\bryan\\OneDrive\\Documents\\giithub-repositories\\react\\fh-2025\\03-gifs-app\\src\\GifsApp.tsx","all":false,"statementMap":{"0":{"start":{"line":1,"column":0},"end":{"line":1,"column":64}},"1":{"start":{"line":2,"column":0},"end":{"line":2,"column":68}},"2":{"start":{"line":3,"column":0},"end":{"line":3,"column":58}},"3":{"start":{"line":4,"column":0},"end":{"line":4,"column":54}},"4":{"start":{"line":5,"column":0},"end":{"line":5,"column":47}},"5":{"start":{"line":6,"column":0},"end":{"line":6,"column":30}},"6":{"start":{"line":7,"column":0},"end":{"line":7,"column":74}},"8":{"start":{"line":9,"column":0},"end":{"line":9,"column":10}},"9":{"start":{"line":10,"column":0},"end":{"line":10,"column":6}},"10":{"start":{"line":11,"column":0},"end":{"line":11,"column":19}},"11":{"start":{"line":12,"column":0},"end":{"line":12,"column":32}},"12":{"start":{"line":13,"column":0},"end":{"line":13,"column":57}},"15":{"start":{"line":16,"column":0},"end":{"line":16,"column":68}},"17":{"start":{"line":18,"column":0},"end":{"line":18,"column":22}},"18":{"start":{"line":19,"column":0},"end":{"line":19,"column":32}},"19":{"start":{"line":20,"column":0},"end":{"line":20,"column":39}},"22":{"start":{"line":23,"column":0},"end":{"line":23,"column":30}},"25":{"start":{"line":26,"column":0},"end":{"line":26,"column":2}}},"s":{"0":1,"1":1,"2":1,"3":1,"4":1,"5":1,"6":1,"8":1,"9":1,"10":1,"11":1,"12":1,"15":1,"17":1,"18":1,"19":1,"22":1,"25":1},"branchMap":{"0":{"type":"branch","line":6,"loc":{"start":{"line":6,"column":23},"end":{"line":26,"column":2}},"locations":[{"start":{"line":6,"column":23},"end":{"line":26,"column":2}}]}},"b":{"0":[1]},"fnMap":{"0":{"name":"GifsApp","decl":{"start":{"line":6,"column":23},"end":{"line":26,"column":2}},"loc":{"start":{"line":6,"column":23},"end":{"line":26,"column":2}},"line":6}},"f":{"0":1}}
,"C:\\Users\\bryan\\OneDrive\\Documents\\giithub-repositories\\react\\fh-2025\\03-gifs-app\\src\\main.tsx": {"path":"C:\\Users\\bryan\\OneDrive\\Documents\\giithub-repositories\\react\\fh-2025\\03-gifs-app\\src\\main.tsx","all":true,"statementMap":{"0":{"start":{"line":1,"column":0},"end":{"line":1,"column":35}},"1":{"start":{"line":2,"column":0},"end":{"line":2,"column":46}},"2":{"start":{"line":3,"column":0},"end":{"line":3,"column":21}},"3":{"start":{"line":4,"column":0},"end":{"line":4,"column":36}},"4":{"start":{"line":5,"column":0},"end":{"line":5,"column":68}},"6":{"start":{"line":7,"column":0},"end":{"line":7,"column":52}},"7":{"start":{"line":8,"column":0},"end":{"line":8,"column":14}},"8":{"start":{"line":9,"column":0},"end":{"line":9,"column":15}}},"s":{"0":0,"1":0,"2":0,"3":0,"4":0,"6":0,"7":0,"8":0},"branchMap":{"0":{"type":"branch","line":1,"loc":{"start":{"line":1,"column":354},"end":{"line":12,"column":2}},"locations":[{"start":{"line":1,"column":354},"end":{"line":12,"column":2}}]}},"b":{"0":[0]},"fnMap":{"0":{"name":"(empty-report)","decl":{"start":{"line":1,"column":354},"end":{"line":12,"column":2}},"loc":{"start":{"line":1,"column":354},"end":{"line":12,"column":2}},"line":1}},"f":{"0":0}}
,"C:\\Users\\bryan\\OneDrive\\Documents\\giithub-repositories\\react\\fh-2025\\03-gifs-app\\src\\counter\\components\\MyCounterApp.tsx": {"path":"C:\\Users\\bryan\\OneDrive\\Documents\\giithub-repositories\\react\\fh-2025\\03-gifs-app\\src\\counter\\components\\MyCounterApp.tsx","all":false,"statementMap":{"0":{"start":{"line":1,"column":0},"end":{"line":1,"column":49}},"2":{"start":{"line":3,"column":0},"end":{"line":3,"column":37}},"4":{"start":{"line":5,"column":0},"end":{"line":5,"column":77}},"5":{"start":{"line":6,"column":0},"end":{"line":6,"column":10}},"6":{"start":{"line":7,"column":0},"end":{"line":7,"column":8}},"7":{"start":{"line":8,"column":0},"end":{"line":8,"column":15}},"8":{"start":{"line":9,"column":0},"end":{"line":9,"column":25}},"9":{"start":{"line":10,"column":0},"end":{"line":10,"column":33}},"10":{"start":{"line":11,"column":0},"end":{"line":11,"column":29}},"11":{"start":{"line":12,"column":0},"end":{"line":12,"column":8}},"13":{"start":{"line":14,"column":0},"end":{"line":14,"column":33}},"14":{"start":{"line":15,"column":0},"end":{"line":15,"column":10}},"15":{"start":{"line":16,"column":0},"end":{"line":16,"column":16}},"16":{"start":{"line":17,"column":0},"end":{"line":17,"column":26}},"17":{"start":{"line":18,"column":0},"end":{"line":18,"column":22}},"18":{"start":{"line":19,"column":0},"end":{"line":19,"column":10}},"20":{"start":{"line":21,"column":0},"end":{"line":21,"column":47}},"21":{"start":{"line":22,"column":0},"end":{"line":22,"column":53}},"22":{"start":{"line":23,"column":0},"end":{"line":23,"column":52}},"26":{"start":{"line":27,"column":0},"end":{"line":27,"column":2}}},"s":{"0":1,"2":1,"4":8,"5":8,"6":8,"7":8,"8":8,"9":8,"10":8,"11":8,"13":8,"14":8,"15":8,"16":8,"17":8,"18":8,"20":8,"21":8,"22":8,"26":8},"branchMap":{"0":{"type":"branch","line":3,"loc":{"start":{"line":3,"column":28},"end":{"line":27,"column":2}},"locations":[{"start":{"line":3,"column":28},"end":{"line":27,"column":2}}]}},"b":{"0":[8]},"fnMap":{"0":{"name":"MyCounterApp","decl":{"start":{"line":3,"column":28},"end":{"line":27,"column":2}},"loc":{"start":{"line":3,"column":28},"end":{"line":27,"column":2}},"line":3}},"f":{"0":8}}
,"C:\\Users\\bryan\\OneDrive\\Documents\\giithub-repositories\\react\\fh-2025\\03-gifs-app\\src\\counter\\hooks\\useCounter.ts": {"path":"C:\\Users\\bryan\\OneDrive\\Documents\\giithub-repositories\\react\\fh-2025\\03-gifs-app\\src\\counter\\hooks\\useCounter.ts","all":false,"statementMap":{"0":{"start":{"line":1,"column":0},"end":{"line":1,"column":33}},"2":{"start":{"line":3,"column":0},"end":{"line":3,"column":57}},"4":{"start":{"line":5,"column":0},"end":{"line":5,"column":59}},"6":{"start":{"line":7,"column":0},"end":{"line":7,"column":27}},"7":{"start":{"line":8,"column":0},"end":{"line":8,"column":28}},"8":{"start":{"line":9,"column":0},"end":{"line":9,"column":4}},"10":{"start":{"line":11,"column":0},"end":{"line":11,"column":33}},"11":{"start":{"line":12,"column":0},"end":{"line":12,"column":28}},"12":{"start":{"line":13,"column":0},"end":{"line":13,"column":4}},"14":{"start":{"line":15,"column":0},"end":{"line":15,"column":29}},"15":{"start":{"line":16,"column":0},"end":{"line":16,"column":33}},"16":{"start":{"line":17,"column":0},"end":{"line":17,"column":4}},"18":{"start":{"line":19,"column":0},"end":{"line":19,"column":10}},"19":{"start":{"line":20,"column":0},"end":{"line":20,"column":14}},"20":{"start":{"line":21,"column":0},"end":{"line":21,"column":20}},"21":{"start":{"line":22,"column":0},"end":{"line":22,"column":16}},"22":{"start":{"line":23,"column":0},"end":{"line":23,"column":12}},"23":{"start":{"line":24,"column":0},"end":{"line":24,"column":4}},"24":{"start":{"line":25,"column":0},"end":{"line":25,"column":1}}},"s":{"0":1,"2":1,"4":15,"6":15,"7":5,"8":5,"10":15,"11":2,"12":2,"14":15,"15":2,"16":2,"18":15,"19":15,"20":15,"21":15,"22":15,"23":15,"24":15},"branchMap":{"0":{"type":"branch","line":3,"loc":{"start":{"line":3,"column":26},"end":{"line":25,"column":1}},"locations":[{"start":{"line":3,"column":26},"end":{"line":25,"column":1}}]},"1":{"type":"branch","line":7,"loc":{"start":{"line":7,"column":20},"end":{"line":9,"column":4}},"locations":[{"start":{"line":7,"column":20},"end":{"line":9,"column":4}}]},"2":{"type":"branch","line":11,"loc":{"start":{"line":11,"column":26},"end":{"line":13,"column":4}},"locations":[{"start":{"line":11,"column":26},"end":{"line":13,"column":4}}]},"3":{"type":"branch","line":15,"loc":{"start":{"line":15,"column":22},"end":{"line":17,"column":4}},"locations":[{"start":{"line":15,"column":22},"end":{"line":17,"column":4}}]}},"b":{"0":[15],"1":[5],"2":[2],"3":[2]},"fnMap":{"0":{"name":"useCounter","decl":{"start":{"line":3,"column":26},"end":{"line":25,"column":1}},"loc":{"start":{"line":3,"column":26},"end":{"line":25,"column":1}},"line":3},"1":{"name":"handleAdd","decl":{"start":{"line":7,"column":20},"end":{"line":9,"column":4}},"loc":{"start":{"line":7,"column":20},"end":{"line":9,"column":4}},"line":7},"2":{"name":"handleSubstract","decl":{"start":{"line":11,"column":26},"end":{"line":13,"column":4}},"loc":{"start":{"line":11,"column":26},"end":{"line":13,"column":4}},"line":11},"3":{"name":"handleReset","decl":{"start":{"line":15,"column":22},"end":{"line":17,"column":4}},"loc":{"start":{"line":15,"column":22},"end":{"line":17,"column":4}},"line":15}},"f":{"0":15,"1":5,"2":2,"3":2}}
,"C:\\Users\\bryan\\OneDrive\\Documents\\giithub-repositories\\react\\fh-2025\\03-gifs-app\\src\\data\\gifs.data.ts": {"path":"C:\\Users\\bryan\\OneDrive\\Documents\\giithub-repositories\\react\\fh-2025\\03-gifs-app\\src\\data\\gifs.data.ts","all":true,"statementMap":{"2":{"start":{"line":3,"column":0},"end":{"line":3,"column":32}},"3":{"start":{"line":4,"column":0},"end":{"line":4,"column":3}},"4":{"start":{"line":5,"column":0},"end":{"line":5,"column":12}},"5":{"start":{"line":6,"column":0},"end":{"line":6,"column":29}},"6":{"start":{"line":7,"column":0},"end":{"line":7,"column":185}},"7":{"start":{"line":8,"column":0},"end":{"line":8,"column":15}},"8":{"start":{"line":9,"column":0},"end":{"line":9,"column":16}},"9":{"start":{"line":10,"column":0},"end":{"line":10,"column":4}},"10":{"start":{"line":11,"column":0},"end":{"line":11,"column":3}},"11":{"start":{"line":12,"column":0},"end":{"line":12,"column":12}},"12":{"start":{"line":13,"column":0},"end":{"line":13,"column":23}},"13":{"start":{"line":14,"column":0},"end":{"line":14,"column":70}},"14":{"start":{"line":15,"column":0},"end":{"line":15,"column":15}},"15":{"start":{"line":16,"column":0},"end":{"line":16,"column":16}},"16":{"start":{"line":17,"column":0},"end":{"line":17,"column":4}},"17":{"start":{"line":18,"column":0},"end":{"line":18,"column":3}},"18":{"start":{"line":19,"column":0},"end":{"line":19,"column":12}},"19":{"start":{"line":20,"column":0},"end":{"line":20,"column":25}},"20":{"start":{"line":21,"column":0},"end":{"line":21,"column":185}},"21":{"start":{"line":22,"column":0},"end":{"line":22,"column":15}},"22":{"start":{"line":23,"column":0},"end":{"line":23,"column":16}},"23":{"start":{"line":24,"column":0},"end":{"line":24,"column":4}},"24":{"start":{"line":25,"column":0},"end":{"line":25,"column":3}},"25":{"start":{"line":26,"column":0},"end":{"line":26,"column":12}},"26":{"start":{"line":27,"column":0},"end":{"line":27,"column":23}},"27":{"start":{"line":28,"column":0},"end":{"line":28,"column":70}},"28":{"start":{"line":29,"column":0},"end":{"line":29,"column":15}},"29":{"start":{"line":30,"column":0},"end":{"line":30,"column":16}},"30":{"start":{"line":31,"column":0},"end":{"line":31,"column":4}},"31":{"start":{"line":32,"column":0},"end":{"line":32,"column":3}},"32":{"start":{"line":33,"column":0},"end":{"line":33,"column":12}},"33":{"start":{"line":34,"column":0},"end":{"line":34,"column":30}},"34":{"start":{"line":35,"column":0},"end":{"line":35,"column":185}},"35":{"start":{"line":36,"column":0},"end":{"line":36,"column":15}},"36":{"start":{"line":37,"column":0},"end":{"line":37,"column":16}},"37":{"start":{"line":38,"column":0},"end":{"line":38,"column":4}},"38":{"start":{"line":39,"column":0},"end":{"line":39,"column":3}},"39":{"start":{"line":40,"column":0},"end":{"line":40,"column":12}},"40":{"start":{"line":41,"column":0},"end":{"line":41,"column":31}},"41":{"start":{"line":42,"column":0},"end":{"line":42,"column":185}},"42":{"start":{"line":43,"column":0},"end":{"line":43,"column":15}},"43":{"start":{"line":44,"column":0},"end":{"line":44,"column":16}},"44":{"start":{"line":45,"column":0},"end":{"line":45,"column":4}},"45":{"start":{"line":46,"column":0},"end":{"line":46,"column":2}}},"s":{"2":0,"3":0,"4":0,"5":0,"6":0,"7":0,"8":0,"9":0,"10":0,"11":0,"12":0,"13":0,"14":0,"15":0,"16":0,"17":0,"18":0,"19":0,"20":0,"21":0,"22":0,"23":0,"24":0,"25":0,"26":0,"27":0,"28":0,"29":0,"30":0,"31":0,"32":0,"33":0,"34":0,"35":0,"36":0,"37":0,"38":0,"39":0,"40":0,"41":0,"42":0,"43":0,"44":0,"45":0},"branchMap":{"0":{"type":"branch","line":1,"loc":{"start":{"line":1,"column":1525},"end":{"line":46,"column":2}},"locations":[{"start":{"line":1,"column":1525},"end":{"line":46,"column":2}}]}},"b":{"0":[1]},"fnMap":{"0":{"name":"(empty-report)","decl":{"start":{"line":1,"column":1525},"end":{"line":46,"column":2}},"loc":{"start":{"line":1,"column":1525},"end":{"line":46,"column":2}},"line":1}},"f":{"0":1}}
,"C:\\Users\\bryan\\OneDrive\\Documents\\giithub-repositories\\react\\fh-2025\\03-gifs-app\\src\\gifs\\actions\\get-gits-by-query.action.ts": {"path":"C:\\Users\\bryan\\OneDrive\\Documents\\giithub-repositories\\react\\fh-2025\\03-gifs-app\\src\\gifs\\actions\\get-gits-by-query.action.ts","all":false,"statementMap":{"2":{"start":{"line":3,"column":0},"end":{"line":3,"column":44}},"4":{"start":{"line":5,"column":0},"end":{"line":5,"column":72}},"5":{"start":{"line":6,"column":0},"end":{"line":6,"column":43}},"6":{"start":{"line":7,"column":0},"end":{"line":7,"column":7}},"7":{"start":{"line":8,"column":0},"end":{"line":8,"column":67}},"8":{"start":{"line":9,"column":0},"end":{"line":9,"column":15}},"9":{"start":{"line":10,"column":0},"end":{"line":10,"column":17}},"10":{"start":{"line":11,"column":0},"end":{"line":11,"column":18}},"11":{"start":{"line":12,"column":0},"end":{"line":12,"column":7}},"12":{"start":{"line":13,"column":0},"end":{"line":13,"column":7}},"13":{"start":{"line":14,"column":0},"end":{"line":14,"column":34}},"14":{"start":{"line":15,"column":0},"end":{"line":15,"column":45}},"15":{"start":{"line":16,"column":0},"end":{"line":16,"column":17}},"16":{"start":{"line":17,"column":0},"end":{"line":17,"column":23}},"17":{"start":{"line":18,"column":0},"end":{"line":18,"column":35}},"18":{"start":{"line":19,"column":0},"end":{"line":19,"column":40}},"19":{"start":{"line":20,"column":0},"end":{"line":20,"column":42}},"20":{"start":{"line":21,"column":0},"end":{"line":21,"column":8}},"21":{"start":{"line":22,"column":0},"end":{"line":22,"column":19}},"22":{"start":{"line":23,"column":0},"end":{"line":23,"column":25}},"23":{"start":{"line":24,"column":0},"end":{"line":24,"column":14}},"24":{"start":{"line":25,"column":0},"end":{"line":25,"column":3}},"25":{"start":{"line":26,"column":0},"end":{"line":26,"column":1}}},"s":{"2":1,"4":1,"5":6,"6":5,"7":5,"8":5,"9":5,"10":5,"11":5,"12":5,"13":4,"14":4,"15":40,"16":40,"17":40,"18":40,"19":40,"20":40,"21":4,"22":1,"23":1,"24":1,"25":6},"branchMap":{"0":{"type":"branch","line":5,"loc":{"start":{"line":5,"column":30},"end":{"line":26,"column":1}},"locations":[{"start":{"line":5,"column":30},"end":{"line":26,"column":1}}]},"1":{"type":"branch","line":6,"loc":{"start":{"line":6,"column":33},"end":{"line":6,"column":43}},"locations":[{"start":{"line":6,"column":33},"end":{"line":6,"column":43}}]},"2":{"type":"branch","line":6,"loc":{"start":{"line":6,"column":42},"end":{"line":13,"column":7}},"locations":[{"start":{"line":6,"column":42},"end":{"line":13,"column":7}}]},"3":{"type":"branch","line":13,"loc":{"start":{"line":13,"column":4},"end":{"line":25,"column":3}},"locations":[{"start":{"line":13,"column":4},"end":{"line":25,"column":3}}]},"4":{"type":"branch","line":22,"loc":{"start":{"line":22,"column":4},"end":{"line":25,"column":3}},"locations":[{"start":{"line":22,"column":4},"end":{"line":25,"column":3}}]},"5":{"type":"branch","line":15,"loc":{"start":{"line":15,"column":34},"end":{"line":21,"column":8}},"locations":[{"start":{"line":15,"column":34},"end":{"line":21,"column":8}}]}},"b":{"0":[6],"1":[1],"2":[5],"3":[4],"4":[1],"5":[40]},"fnMap":{"0":{"name":"getGifsByQuery","decl":{"start":{"line":5,"column":30},"end":{"line":26,"column":1}},"loc":{"start":{"line":5,"column":30},"end":{"line":26,"column":1}},"line":5}},"f":{"0":6}}
,"C:\\Users\\bryan\\OneDrive\\Documents\\giithub-repositories\\react\\fh-2025\\03-gifs-app\\src\\gifs\\api\\giphy.api.ts": {"path":"C:\\Users\\bryan\\OneDrive\\Documents\\giithub-repositories\\react\\fh-2025\\03-gifs-app\\src\\gifs\\api\\giphy.api.ts","all":false,"statementMap":{"0":{"start":{"line":1,"column":0},"end":{"line":1,"column":26}},"2":{"start":{"line":3,"column":0},"end":{"line":3,"column":38}},"3":{"start":{"line":4,"column":0},"end":{"line":4,"column":43}},"4":{"start":{"line":5,"column":0},"end":{"line":5,"column":11}},"5":{"start":{"line":6,"column":0},"end":{"line":6,"column":48}},"6":{"start":{"line":7,"column":0},"end":{"line":7,"column":15}},"7":{"start":{"line":8,"column":0},"end":{"line":8,"column":3}},"8":{"start":{"line":9,"column":0},"end":{"line":9,"column":3}}},"s":{"0":1,"2":1,"3":1,"4":1,"5":1,"6":1,"7":1,"8":1},"branchMap":{},"b":{},"fnMap":{},"f":{}}
,"C:\\Users\\bryan\\OneDrive\\Documents\\giithub-repositories\\react\\fh-2025\\03-gifs-app\\src\\gifs\\components\\GifsList.tsx": {"path":"C:\\Users\\bryan\\OneDrive\\Documents\\giithub-repositories\\react\\fh-2025\\03-gifs-app\\src\\gifs\\components\\GifsList.tsx","all":false,"statementMap":{"8":{"start":{"line":9,"column":0},"end":{"line":9,"column":63}},"9":{"start":{"line":10,"column":0},"end":{"line":10,"column":10}},"10":{"start":{"line":11,"column":0},"end":{"line":11,"column":36}},"11":{"start":{"line":12,"column":0},"end":{"line":12,"column":26}},"12":{"start":{"line":13,"column":0},"end":{"line":13,"column":47}},"13":{"start":{"line":14,"column":0},"end":{"line":14,"column":47}},"14":{"start":{"line":15,"column":0},"end":{"line":15,"column":30}},"15":{"start":{"line":16,"column":0},"end":{"line":16,"column":13}},"16":{"start":{"line":17,"column":0},"end":{"line":17,"column":44}},"22":{"start":{"line":23,"column":0},"end":{"line":23,"column":2}}},"s":{"8":1,"9":1,"10":1,"11":1,"12":1,"13":1,"14":1,"15":1,"16":1,"22":1},"branchMap":{"0":{"type":"branch","line":9,"loc":{"start":{"line":9,"column":43},"end":{"line":23,"column":2}},"locations":[{"start":{"line":9,"column":43},"end":{"line":23,"column":2}}]}},"b":{"0":[1]},"fnMap":{"0":{"name":"GifsList","decl":{"start":{"line":9,"column":43},"end":{"line":23,"column":2}},"loc":{"start":{"line":9,"column":43},"end":{"line":23,"column":2}},"line":9}},"f":{"0":1}}
,"C:\\Users\\bryan\\OneDrive\\Documents\\giithub-repositories\\react\\fh-2025\\03-gifs-app\\src\\gifs\\components\\PreviusSearches.tsx": {"path":"C:\\Users\\bryan\\OneDrive\\Documents\\giithub-repositories\\react\\fh-2025\\03-gifs-app\\src\\gifs\\components\\PreviusSearches.tsx","all":false,"statementMap":{"5":{"start":{"line":6,"column":0},"end":{"line":6,"column":88}},"6":{"start":{"line":7,"column":0},"end":{"line":7,"column":10}},"7":{"start":{"line":8,"column":0},"end":{"line":8,"column":39}},"8":{"start":{"line":9,"column":0},"end":{"line":9,"column":32}},"9":{"start":{"line":10,"column":0},"end":{"line":10,"column":45}},"10":{"start":{"line":11,"column":0},"end":{"line":11,"column":41}},"11":{"start":{"line":12,"column":0},"end":{"line":12,"column":73}},"16":{"start":{"line":17,"column":0},"end":{"line":17,"column":2}}},"s":{"5":1,"6":1,"7":1,"8":1,"9":1,"10":1,"11":1,"16":1},"branchMap":{"0":{"type":"branch","line":6,"loc":{"start":{"line":6,"column":31},"end":{"line":17,"column":2}},"locations":[{"start":{"line":6,"column":31},"end":{"line":17,"column":2}}]}},"b":{"0":[1]},"fnMap":{"0":{"name":"PreviusSearches","decl":{"start":{"line":6,"column":31},"end":{"line":17,"column":2}},"loc":{"start":{"line":6,"column":31},"end":{"line":17,"column":2}},"line":6}},"f":{"0":1}}
,"C:\\Users\\bryan\\OneDrive\\Documents\\giithub-repositories\\react\\fh-2025\\03-gifs-app\\src\\gifs\\hooks\\useGifs.ts": {"path":"C:\\Users\\bryan\\OneDrive\\Documents\\giithub-repositories\\react\\fh-2025\\03-gifs-app\\src\\gifs\\hooks\\useGifs.ts","all":false,"statementMap":{"0":{"start":{"line":1,"column":0},"end":{"line":1,"column":41}},"2":{"start":{"line":3,"column":0},"end":{"line":3,"column":69}},"4":{"start":{"line":5,"column":0},"end":{"line":5,"column":47}},"6":{"start":{"line":7,"column":0},"end":{"line":7,"column":30}},"7":{"start":{"line":8,"column":0},"end":{"line":8,"column":46}},"8":{"start":{"line":9,"column":0},"end":{"line":9,"column":67}},"9":{"start":{"line":10,"column":0},"end":{"line":10,"column":54}},"11":{"start":{"line":12,"column":0},"end":{"line":12,"column":50}},"12":{"start":{"line":13,"column":0},"end":{"line":13,"column":34}},"13":{"start":{"line":14,"column":0},"end":{"line":14,"column":39}},"14":{"start":{"line":15,"column":0},"end":{"line":15,"column":12}},"15":{"start":{"line":16,"column":0},"end":{"line":16,"column":46}},"16":{"start":{"line":17,"column":0},"end":{"line":17,"column":20}},"17":{"start":{"line":18,"column":0},"end":{"line":18,"column":37}},"18":{"start":{"line":19,"column":0},"end":{"line":19,"column":5}},"19":{"start":{"line":20,"column":0},"end":{"line":20,"column":4}},"21":{"start":{"line":22,"column":0},"end":{"line":22,"column":49}},"22":{"start":{"line":23,"column":0},"end":{"line":23,"column":42}},"23":{"start":{"line":24,"column":0},"end":{"line":24,"column":46}},"24":{"start":{"line":25,"column":0},"end":{"line":25,"column":29}},"25":{"start":{"line":26,"column":0},"end":{"line":26,"column":33}},"26":{"start":{"line":27,"column":0},"end":{"line":27,"column":23}},"27":{"start":{"line":28,"column":0},"end":{"line":28,"column":18}},"28":{"start":{"line":29,"column":0},"end":{"line":29,"column":38}},"29":{"start":{"line":30,"column":0},"end":{"line":30,"column":49}},"30":{"start":{"line":31,"column":0},"end":{"line":31,"column":28}},"31":{"start":{"line":32,"column":0},"end":{"line":32,"column":22}},"32":{"start":{"line":33,"column":0},"end":{"line":33,"column":40}},"33":{"start":{"line":34,"column":0},"end":{"line":34,"column":4}},"35":{"start":{"line":36,"column":0},"end":{"line":36,"column":10}},"36":{"start":{"line":37,"column":0},"end":{"line":37,"column":9}},"37":{"start":{"line":38,"column":0},"end":{"line":38,"column":18}},"38":{"start":{"line":39,"column":0},"end":{"line":39,"column":19}},"39":{"start":{"line":40,"column":0},"end":{"line":40,"column":17}},"40":{"start":{"line":41,"column":0},"end":{"line":41,"column":4}},"41":{"start":{"line":42,"column":0},"end":{"line":42,"column":1}}},"s":{"0":1,"2":1,"4":1,"6":1,"7":19,"8":19,"9":19,"11":19,"12":3,"13":1,"14":3,"15":2,"16":2,"17":2,"18":2,"19":3,"21":19,"22":10,"23":10,"24":10,"25":10,"26":10,"27":10,"28":10,"29":10,"30":10,"31":10,"32":10,"33":10,"35":19,"36":19,"37":19,"38":19,"39":19,"40":19,"41":19},"branchMap":{"0":{"type":"branch","line":7,"loc":{"start":{"line":7,"column":23},"end":{"line":42,"column":1}},"locations":[{"start":{"line":7,"column":23},"end":{"line":42,"column":1}}]},"1":{"type":"branch","line":12,"loc":{"start":{"line":12,"column":25},"end":{"line":20,"column":4}},"locations":[{"start":{"line":12,"column":25},"end":{"line":20,"column":4}}]},"2":{"type":"branch","line":13,"loc":{"start":{"line":13,"column":33},"end":{"line":15,"column":11}},"locations":[{"start":{"line":13,"column":33},"end":{"line":15,"column":11}}]},"3":{"type":"branch","line":15,"loc":{"start":{"line":15,"column":4},"end":{"line":19,"column":5}},"locations":[{"start":{"line":15,"column":4},"end":{"line":19,"column":5}}]},"4":{"type":"branch","line":22,"loc":{"start":{"line":22,"column":23},"end":{"line":34,"column":4}},"locations":[{"start":{"line":22,"column":23},"end":{"line":34,"column":4}}]},"5":{"type":"branch","line":23,"loc":{"start":{"line":23,"column":35},"end":{"line":23,"column":42}},"locations":[{"start":{"line":23,"column":35},"end":{"line":23,"column":42}}]},"6":{"type":"branch","line":24,"loc":{"start":{"line":24,"column":39},"end":{"line":24,"column":46}},"locations":[{"start":{"line":24,"column":39},"end":{"line":24,"column":46}}]}},"b":{"0":[19],"1":[3],"2":[1],"3":[2],"4":[10],"5":[0],"6":[0]},"fnMap":{"0":{"name":"useGifs","decl":{"start":{"line":7,"column":23},"end":{"line":42,"column":1}},"loc":{"start":{"line":7,"column":23},"end":{"line":42,"column":1}},"line":7},"1":{"name":"onLabelClicked","decl":{"start":{"line":12,"column":25},"end":{"line":20,"column":4}},"loc":{"start":{"line":12,"column":25},"end":{"line":20,"column":4}},"line":12},"2":{"name":"handleSearch","decl":{"start":{"line":22,"column":23},"end":{"line":34,"column":4}},"loc":{"start":{"line":22,"column":23},"end":{"line":34,"column":4}},"line":22}},"f":{"0":19,"1":3,"2":10}}
,"C:\\Users\\bryan\\OneDrive\\Documents\\giithub-repositories\\react\\fh-2025\\03-gifs-app\\src\\gifs\\interfaces\\gif.interface.ts": {"path":"C:\\Users\\bryan\\OneDrive\\Documents\\giithub-repositories\\react\\fh-2025\\03-gifs-app\\src\\gifs\\interfaces\\gif.interface.ts","all":true,"statementMap":{},"s":{},"branchMap":{"0":{"type":"branch","line":1,"loc":{"start":{"line":1,"column":111},"end":{"line":7,"column":1}},"locations":[{"start":{"line":1,"column":111},"end":{"line":7,"column":1}}]}},"b":{"0":[1]},"fnMap":{"0":{"name":"(empty-report)","decl":{"start":{"line":1,"column":111},"end":{"line":7,"column":1}},"loc":{"start":{"line":1,"column":111},"end":{"line":7,"column":1}},"line":1}},"f":{"0":1}}
,"C:\\Users\\bryan\\OneDrive\\Documents\\giithub-repositories\\react\\fh-2025\\03-gifs-app\\src\\gifs\\interfaces\\giphy.response.ts": {"path":"C:\\Users\\bryan\\OneDrive\\Documents\\giithub-repositories\\react\\fh-2025\\03-gifs-app\\src\\gifs\\interfaces\\giphy.response.ts","all":true,"statementMap":{},"s":{},"branchMap":{"0":{"type":"branch","line":1,"loc":{"start":{"line":1,"column":2751},"end":{"line":132,"column":1}},"locations":[{"start":{"line":1,"column":2751},"end":{"line":132,"column":1}}]}},"b":{"0":[1]},"fnMap":{"0":{"name":"(empty-report)","decl":{"start":{"line":1,"column":2751},"end":{"line":132,"column":1}},"loc":{"start":{"line":1,"column":2751},"end":{"line":132,"column":1}},"line":1}},"f":{"0":1}}
,"C:\\Users\\bryan\\OneDrive\\Documents\\giithub-repositories\\react\\fh-2025\\03-gifs-app\\src\\shared\\components\\CustomHeader.tsx": {"path":"C:\\Users\\bryan\\OneDrive\\Documents\\giithub-repositories\\react\\fh-2025\\03-gifs-app\\src\\shared\\components\\CustomHeader.tsx","all":false,"statementMap":{"5":{"start":{"line":6,"column":0},"end":{"line":6,"column":76}},"6":{"start":{"line":7,"column":0},"end":{"line":7,"column":10}},"7":{"start":{"line":8,"column":0},"end":{"line":8,"column":36}},"8":{"start":{"line":9,"column":0},"end":{"line":9,"column":22}},"9":{"start":{"line":10,"column":0},"end":{"line":10,"column":43}},"12":{"start":{"line":13,"column":0},"end":{"line":13,"column":2}}},"s":{"5":1,"6":4,"7":4,"8":4,"9":4,"12":4},"branchMap":{"0":{"type":"branch","line":6,"loc":{"start":{"line":6,"column":28},"end":{"line":13,"column":2}},"locations":[{"start":{"line":6,"column":28},"end":{"line":13,"column":2}}]}},"b":{"0":[4]},"fnMap":{"0":{"name":"CustomHeader","decl":{"start":{"line":6,"column":28},"end":{"line":13,"column":2}},"loc":{"start":{"line":6,"column":28},"end":{"line":13,"column":2}},"line":6}},"f":{"0":4}}
,"C:\\Users\\bryan\\OneDrive\\Documents\\giithub-repositories\\react\\fh-2025\\03-gifs-app\\src\\shared\\components\\SearchBar.tsx": {"path":"C:\\Users\\bryan\\OneDrive\\Documents\\giithub-repositories\\react\\fh-2025\\03-gifs-app\\src\\shared\\components\\SearchBar.tsx","all":false,"statementMap":{"0":{"start":{"line":1,"column":0},"end":{"line":1,"column":44}},"7":{"start":{"line":8,"column":0},"end":{"line":8,"column":27}},"8":{"start":{"line":9,"column":0},"end":{"line":9,"column":25}},"9":{"start":{"line":10,"column":0},"end":{"line":10,"column":10}},"10":{"start":{"line":11,"column":0},"end":{"line":11,"column":23}},"11":{"start":{"line":12,"column":0},"end":{"line":12,"column":49}},"13":{"start":{"line":14,"column":0},"end":{"line":14,"column":73}},"14":{"start":{"line":15,"column":0},"end":{"line":15,"column":29}},"15":{"start":{"line":16,"column":0},"end":{"line":16,"column":4}},"17":{"start":{"line":18,"column":0},"end":{"line":18,"column":30}},"18":{"start":{"line":19,"column":0},"end":{"line":19,"column":19}},"19":{"start":{"line":20,"column":0},"end":{"line":20,"column":17}},"20":{"start":{"line":21,"column":0},"end":{"line":21,"column":4}},"22":{"start":{"line":23,"column":0},"end":{"line":23,"column":71}},"23":{"start":{"line":24,"column":0},"end":{"line":24,"column":28}},"24":{"start":{"line":25,"column":0},"end":{"line":25,"column":21}},"25":{"start":{"line":26,"column":0},"end":{"line":26,"column":5}},"26":{"start":{"line":27,"column":0},"end":{"line":27,"column":4}},"28":{"start":{"line":29,"column":0},"end":{"line":29,"column":19}},"29":{"start":{"line":30,"column":0},"end":{"line":30,"column":38}},"30":{"start":{"line":31,"column":0},"end":{"line":31,"column":21}},"31":{"start":{"line":32,"column":0},"end":{"line":32,"column":12}},"33":{"start":{"line":34,"column":0},"end":{"line":34,"column":18}},"34":{"start":{"line":35,"column":0},"end":{"line":35,"column":28}},"35":{"start":{"line":36,"column":0},"end":{"line":36,"column":43}},"36":{"start":{"line":37,"column":0},"end":{"line":37,"column":5}},"37":{"start":{"line":38,"column":0},"end":{"line":38,"column":23}},"39":{"start":{"line":40,"column":0},"end":{"line":40,"column":10}},"40":{"start":{"line":41,"column":0},"end":{"line":41,"column":38}},"41":{"start":{"line":42,"column":0},"end":{"line":42,"column":12}},"42":{"start":{"line":43,"column":0},"end":{"line":43,"column":19}},"43":{"start":{"line":44,"column":0},"end":{"line":44,"column":15}},"44":{"start":{"line":45,"column":0},"end":{"line":45,"column":13}},"45":{"start":{"line":46,"column":0},"end":{"line":46,"column":33}},"46":{"start":{"line":47,"column":0},"end":{"line":47,"column":21}},"47":{"start":{"line":48,"column":0},"end":{"line":48,"column":36}},"48":{"start":{"line":49,"column":0},"end":{"line":49,"column":33}},"50":{"start":{"line":51,"column":0},"end":{"line":51,"column":52}},"53":{"start":{"line":54,"column":0},"end":{"line":54,"column":2}}},"s":{"0":1,"7":1,"8":13,"9":13,"10":13,"11":13,"13":13,"14":6,"15":6,"17":13,"18":1,"19":1,"20":1,"22":13,"23":0,"24":0,"25":0,"26":0,"28":13,"29":13,"30":2,"31":13,"33":13,"34":13,"35":13,"36":13,"37":13,"39":13,"40":13,"41":13,"42":13,"43":13,"44":13,"45":13,"46":13,"47":13,"48":13,"50":13,"53":13},"branchMap":{"0":{"type":"branch","line":8,"loc":{"start":{"line":8,"column":25},"end":{"line":54,"column":2}},"locations":[{"start":{"line":8,"column":25},"end":{"line":54,"column":2}}]},"1":{"type":"branch","line":14,"loc":{"start":{"line":14,"column":28},"end":{"line":16,"column":4}},"locations":[{"start":{"line":14,"column":28},"end":{"line":16,"column":4}}]},"2":{"type":"branch","line":18,"loc":{"start":{"line":18,"column":23},"end":{"line":21,"column":4}},"locations":[{"start":{"line":18,"column":23},"end":{"line":21,"column":4}}]},"3":{"type":"branch","line":29,"loc":{"start":{"line":29,"column":12},"end":{"line":38,"column":5}},"locations":[{"start":{"line":29,"column":12},"end":{"line":38,"column":5}}]},"4":{"type":"branch","line":30,"loc":{"start":{"line":30,"column":31},"end":{"line":32,"column":7}},"locations":[{"start":{"line":30,"column":31},"end":{"line":32,"column":7}}]},"5":{"type":"branch","line":34,"loc":{"start":{"line":34,"column":11},"end":{"line":37,"column":5}},"locations":[{"start":{"line":34,"column":11},"end":{"line":37,"column":5}}]}},"b":{"0":[13],"1":[6],"2":[1],"3":[13],"4":[2],"5":[13]},"fnMap":{"0":{"name":"SearchBar","decl":{"start":{"line":8,"column":25},"end":{"line":54,"column":2}},"loc":{"start":{"line":8,"column":25},"end":{"line":54,"column":2}},"line":8},"1":{"name":"handleInputSearch","decl":{"start":{"line":14,"column":28},"end":{"line":16,"column":4}},"loc":{"start":{"line":14,"column":28},"end":{"line":16,"column":4}},"line":14},"2":{"name":"handleSearch","decl":{"start":{"line":18,"column":23},"end":{"line":21,"column":4}},"loc":{"start":{"line":18,"column":23},"end":{"line":21,"column":4}},"line":18},"3":{"name":"handleKeyDown","decl":{"start":{"line":23,"column":24},"end":{"line":27,"column":4}},"loc":{"start":{"line":23,"column":24},"end":{"line":27,"column":4}},"line":23}},"f":{"0":13,"1":6,"2":1,"3":0}}
,"C:\\Users\\bryan\\OneDrive\\Documents\\giithub-repositories\\react\\fh-2025\\03-gifs-app\\src\\shared\\helpers\\index.tsx": {"path":"C:\\Users\\bryan\\OneDrive\\Documents\\giithub-repositories\\react\\fh-2025\\03-gifs-app\\src\\shared\\helpers\\index.tsx","all":true,"statementMap":{},"s":{},"branchMap":{"0":{"type":"branch","line":1,"loc":{"start":{"line":1,"column":0},"end":{"line":1,"column":0}},"locations":[{"start":{"line":1,"column":0},"end":{"line":1,"column":0}}]}},"b":{"0":[1]},"fnMap":{"0":{"name":"(empty-report)","decl":{"start":{"line":1,"column":0},"end":{"line":1,"column":0}},"loc":{"start":{"line":1,"column":0},"end":{"line":1,"column":0}},"line":1}},"f":{"0":1}}
}
