{"C:\\Users\\BANARIBA\\Documents\\github-repositories\\react\\fh-2025\\02-first-steps\\src\\FirstStepsApp.tsx": {"path":"C:\\Users\\BANARIBA\\Documents\\github-repositories\\react\\fh-2025\\02-first-steps\\src\\FirstStepsApp.tsx","all":false,"statementMap":{"0":{"start":{"line":1,"column":0},"end":{"line":1,"column":58}},"8":{"start":{"line":9,"column":0},"end":{"line":9,"column":35}},"9":{"start":{"line":10,"column":0},"end":{"line":10,"column":60}},"10":{"start":{"line":11,"column":0},"end":{"line":11,"column":56}},"11":{"start":{"line":12,"column":0},"end":{"line":12,"column":55}},"12":{"start":{"line":13,"column":0},"end":{"line":13,"column":55}},"13":{"start":{"line":14,"column":0},"end":{"line":14,"column":53}},"14":{"start":{"line":15,"column":0},"end":{"line":15,"column":2}},"16":{"start":{"line":17,"column":0},"end":{"line":17,"column":36}},"17":{"start":{"line":18,"column":0},"end":{"line":18,"column":10}},"18":{"start":{"line":19,"column":0},"end":{"line":19,"column":6}},"19":{"start":{"line":20,"column":0},"end":{"line":20,"column":33}},"20":{"start":{"line":21,"column":0},"end":{"line":21,"column":40}},"21":{"start":{"line":22,"column":0},"end":{"line":22,"column":20}},"22":{"start":{"line":23,"column":0},"end":{"line":23,"column":29}},"23":{"start":{"line":24,"column":0},"end":{"line":24,"column":40}},"24":{"start":{"line":25,"column":0},"end":{"line":25,"column":39}},"29":{"start":{"line":30,"column":0},"end":{"line":30,"column":2}}},"s":{"0":1,"8":1,"9":1,"10":1,"11":1,"12":1,"13":1,"14":1,"16":1,"17":3,"18":3,"19":3,"20":3,"21":3,"22":3,"23":3,"24":3,"29":3},"branchMap":{"0":{"type":"branch","line":17,"loc":{"start":{"line":17,"column":29},"end":{"line":30,"column":2}},"locations":[{"start":{"line":17,"column":29},"end":{"line":30,"column":2}}]}},"b":{"0":[3]},"fnMap":{"0":{"name":"FirstStepsApp","decl":{"start":{"line":17,"column":29},"end":{"line":30,"column":2}},"loc":{"start":{"line":17,"column":29},"end":{"line":30,"column":2}},"line":17}},"f":{"0":3}}
,"C:\\Users\\BANARIBA\\Documents\\github-repositories\\react\\fh-2025\\02-first-steps\\src\\MyAwesomeApp.tsx": {"path":"C:\\Users\\BANARIBA\\Documents\\github-repositories\\react\\fh-2025\\02-first-steps\\src\\MyAwesomeApp.tsx","all":false,"statementMap":{"2":{"start":{"line":3,"column":0},"end":{"line":3,"column":35}},"3":{"start":{"line":4,"column":0},"end":{"line":4,"column":24}},"4":{"start":{"line":5,"column":0},"end":{"line":5,"column":27}},"5":{"start":{"line":6,"column":0},"end":{"line":6,"column":68}},"6":{"start":{"line":7,"column":0},"end":{"line":7,"column":24}},"7":{"start":{"line":8,"column":0},"end":{"line":8,"column":19}},"8":{"start":{"line":9,"column":0},"end":{"line":9,"column":22}},"9":{"start":{"line":10,"column":0},"end":{"line":10,"column":22}},"10":{"start":{"line":11,"column":0},"end":{"line":11,"column":4}},"11":{"start":{"line":12,"column":0},"end":{"line":12,"column":35}},"12":{"start":{"line":13,"column":0},"end":{"line":13,"column":52}},"13":{"start":{"line":14,"column":0},"end":{"line":14,"column":21}},"14":{"start":{"line":15,"column":0},"end":{"line":15,"column":16}},"15":{"start":{"line":16,"column":0},"end":{"line":16,"column":4}},"17":{"start":{"line":18,"column":0},"end":{"line":18,"column":10}},"18":{"start":{"line":19,"column":0},"end":{"line":19,"column":6}},"19":{"start":{"line":20,"column":0},"end":{"line":20,"column":52}},"20":{"start":{"line":21,"column":0},"end":{"line":21,"column":25}},"21":{"start":{"line":22,"column":0},"end":{"line":22,"column":37}},"22":{"start":{"line":23,"column":0},"end":{"line":23,"column":39}},"23":{"start":{"line":24,"column":0},"end":{"line":24,"column":55}},"26":{"start":{"line":27,"column":0},"end":{"line":27,"column":2}}},"s":{"2":1,"3":3,"4":3,"5":3,"6":3,"7":3,"8":3,"9":3,"10":3,"11":3,"12":3,"13":3,"14":3,"15":3,"17":3,"18":3,"19":3,"20":3,"21":3,"22":3,"23":3,"26":3},"branchMap":{"0":{"type":"branch","line":3,"loc":{"start":{"line":3,"column":28},"end":{"line":27,"column":2}},"locations":[{"start":{"line":3,"column":28},"end":{"line":27,"column":2}}]},"1":{"type":"branch","line":13,"loc":{"start":{"line":13,"column":32},"end":{"line":13,"column":52}},"locations":[{"start":{"line":13,"column":32},"end":{"line":13,"column":52}}]},"2":{"type":"branch","line":22,"loc":{"start":{"line":22,"column":22},"end":{"line":22,"column":37}},"locations":[{"start":{"line":22,"column":22},"end":{"line":22,"column":37}}]}},"b":{"0":[3],"1":[0],"2":[0]},"fnMap":{"0":{"name":"MyAwesomeApp","decl":{"start":{"line":3,"column":28},"end":{"line":27,"column":2}},"loc":{"start":{"line":3,"column":28},"end":{"line":27,"column":2}},"line":3}},"f":{"0":3}}
,"C:\\Users\\BANARIBA\\Documents\\github-repositories\\react\\fh-2025\\02-first-steps\\src\\main.tsx": {"path":"C:\\Users\\BANARIBA\\Documents\\github-repositories\\react\\fh-2025\\02-first-steps\\src\\main.tsx","all":true,"statementMap":{"0":{"start":{"line":1,"column":0},"end":{"line":1,"column":35}},"1":{"start":{"line":2,"column":0},"end":{"line":2,"column":46}},"2":{"start":{"line":3,"column":0},"end":{"line":3,"column":48}},"3":{"start":{"line":4,"column":0},"end":{"line":4,"column":21}},"4":{"start":{"line":5,"column":0},"end":{"line":5,"column":49}},"6":{"start":{"line":7,"column":0},"end":{"line":7,"column":52}},"7":{"start":{"line":8,"column":0},"end":{"line":8,"column":14}},"8":{"start":{"line":9,"column":0},"end":{"line":9,"column":21}}},"s":{"0":0,"1":0,"2":0,"3":0,"4":0,"6":0,"7":0,"8":0},"branchMap":{"0":{"type":"branch","line":1,"loc":{"start":{"line":1,"column":342},"end":{"line":12,"column":2}},"locations":[{"start":{"line":1,"column":342},"end":{"line":12,"column":2}}]}},"b":{"0":[0]},"fnMap":{"0":{"name":"(empty-report)","decl":{"start":{"line":1,"column":342},"end":{"line":12,"column":2}},"loc":{"start":{"line":1,"column":342},"end":{"line":12,"column":2}},"line":1}},"f":{"0":0}}
,"C:\\Users\\BANARIBA\\Documents\\github-repositories\\react\\fh-2025\\02-first-steps\\src\\helpers\\math.helper.ts": {"path":"C:\\Users\\BANARIBA\\Documents\\github-repositories\\react\\fh-2025\\02-first-steps\\src\\helpers\\math.helper.ts","all":false,"statementMap":{"0":{"start":{"line":1,"column":0},"end":{"line":1,"column":54}},"1":{"start":{"line":2,"column":0},"end":{"line":2,"column":14}},"2":{"start":{"line":3,"column":0},"end":{"line":3,"column":1}},"4":{"start":{"line":5,"column":0},"end":{"line":5,"column":60}},"5":{"start":{"line":6,"column":0},"end":{"line":6,"column":14}},"6":{"start":{"line":7,"column":0},"end":{"line":7,"column":1}},"8":{"start":{"line":9,"column":0},"end":{"line":9,"column":59}},"9":{"start":{"line":10,"column":0},"end":{"line":10,"column":14}},"10":{"start":{"line":11,"column":0},"end":{"line":11,"column":1}},"12":{"start":{"line":13,"column":0},"end":{"line":13,"column":57}},"13":{"start":{"line":14,"column":0},"end":{"line":14,"column":14}},"14":{"start":{"line":15,"column":0},"end":{"line":15,"column":1}}},"s":{"0":1,"1":2,"2":2,"4":1,"5":2,"6":2,"8":1,"9":2,"10":2,"12":1,"13":1,"14":1},"branchMap":{"0":{"type":"branch","line":1,"loc":{"start":{"line":1,"column":19},"end":{"line":3,"column":1}},"locations":[{"start":{"line":1,"column":19},"end":{"line":3,"column":1}}]},"1":{"type":"branch","line":5,"loc":{"start":{"line":5,"column":25},"end":{"line":7,"column":1}},"locations":[{"start":{"line":5,"column":25},"end":{"line":7,"column":1}}]},"2":{"type":"branch","line":9,"loc":{"start":{"line":9,"column":24},"end":{"line":11,"column":1}},"locations":[{"start":{"line":9,"column":24},"end":{"line":11,"column":1}}]},"3":{"type":"branch","line":13,"loc":{"start":{"line":13,"column":22},"end":{"line":15,"column":1}},"locations":[{"start":{"line":13,"column":22},"end":{"line":15,"column":1}}]}},"b":{"0":[2],"1":[2],"2":[2],"3":[1]},"fnMap":{"0":{"name":"add","decl":{"start":{"line":1,"column":19},"end":{"line":3,"column":1}},"loc":{"start":{"line":1,"column":19},"end":{"line":3,"column":1}},"line":1},"1":{"name":"substract","decl":{"start":{"line":5,"column":25},"end":{"line":7,"column":1}},"loc":{"start":{"line":5,"column":25},"end":{"line":7,"column":1}},"line":5},"2":{"name":"multiply","decl":{"start":{"line":9,"column":24},"end":{"line":11,"column":1}},"loc":{"start":{"line":9,"column":24},"end":{"line":11,"column":1}},"line":9},"3":{"name":"divide","decl":{"start":{"line":13,"column":22},"end":{"line":15,"column":1}},"loc":{"start":{"line":13,"column":22},"end":{"line":15,"column":1}},"line":13}},"f":{"0":2,"1":2,"2":2,"3":1}}
,"C:\\Users\\BANARIBA\\Documents\\github-repositories\\react\\fh-2025\\02-first-steps\\src\\shopping-cart\\ItemCounter.tsx": {"path":"C:\\Users\\BANARIBA\\Documents\\github-repositories\\react\\fh-2025\\02-first-steps\\src\\shopping-cart\\ItemCounter.tsx","all":false,"statementMap":{"0":{"start":{"line":1,"column":0},"end":{"line":1,"column":33}},"2":{"start":{"line":3,"column":0},"end":{"line":3,"column":46}},"9":{"start":{"line":10,"column":0},"end":{"line":10,"column":74}},"10":{"start":{"line":11,"column":0},"end":{"line":11,"column":67}},"12":{"start":{"line":13,"column":0},"end":{"line":13,"column":49}},"13":{"start":{"line":14,"column":0},"end":{"line":14,"column":34}},"14":{"start":{"line":15,"column":0},"end":{"line":15,"column":43}},"15":{"start":{"line":16,"column":0},"end":{"line":16,"column":4}},"17":{"start":{"line":18,"column":0},"end":{"line":18,"column":43}},"18":{"start":{"line":19,"column":0},"end":{"line":19,"column":43}},"19":{"start":{"line":20,"column":0},"end":{"line":20,"column":4}},"21":{"start":{"line":22,"column":0},"end":{"line":22,"column":10}},"22":{"start":{"line":23,"column":0},"end":{"line":23,"column":44}},"23":{"start":{"line":24,"column":0},"end":{"line":24,"column":112}},"24":{"start":{"line":25,"column":0},"end":{"line":25,"column":54}},"25":{"start":{"line":26,"column":0},"end":{"line":26,"column":32}},"26":{"start":{"line":27,"column":0},"end":{"line":27,"column":60}},"29":{"start":{"line":30,"column":0},"end":{"line":30,"column":2}}},"s":{"0":1,"2":1,"9":1,"10":9,"12":9,"13":2,"14":1,"15":1,"17":9,"18":1,"19":1,"21":9,"22":9,"23":9,"24":9,"25":9,"26":9,"29":9},"branchMap":{"0":{"type":"branch","line":10,"loc":{"start":{"line":10,"column":27},"end":{"line":30,"column":2}},"locations":[{"start":{"line":10,"column":27},"end":{"line":30,"column":2}}]},"1":{"type":"branch","line":24,"loc":{"start":{"line":24,"column":76},"end":{"line":24,"column":88}},"locations":[{"start":{"line":24,"column":76},"end":{"line":24,"column":88}}]},"2":{"type":"branch","line":24,"loc":{"start":{"line":24,"column":80},"end":{"line":24,"column":96}},"locations":[{"start":{"line":24,"column":80},"end":{"line":24,"column":96}}]},"3":{"type":"branch","line":13,"loc":{"start":{"line":13,"column":26},"end":{"line":16,"column":4}},"locations":[{"start":{"line":13,"column":26},"end":{"line":16,"column":4}}]},"4":{"type":"branch","line":14,"loc":{"start":{"line":14,"column":27},"end":{"line":16,"column":4}},"locations":[{"start":{"line":14,"column":27},"end":{"line":16,"column":4}}]},"5":{"type":"branch","line":18,"loc":{"start":{"line":18,"column":20},"end":{"line":20,"column":4}},"locations":[{"start":{"line":18,"column":20},"end":{"line":20,"column":4}}]},"6":{"type":"branch","line":25,"loc":{"start":{"line":25,"column":23},"end":{"line":25,"column":43}},"locations":[{"start":{"line":25,"column":23},"end":{"line":25,"column":43}}]},"7":{"type":"branch","line":27,"loc":{"start":{"line":27,"column":23},"end":{"line":27,"column":49}},"locations":[{"start":{"line":27,"column":23},"end":{"line":27,"column":49}}]}},"b":{"0":[9],"1":[3],"2":[6],"3":[2],"4":[1],"5":[1],"6":[1],"7":[2]},"fnMap":{"0":{"name":"ItemCounter","decl":{"start":{"line":10,"column":27},"end":{"line":30,"column":2}},"loc":{"start":{"line":10,"column":27},"end":{"line":30,"column":2}},"line":10},"1":{"name":"handleSubstract","decl":{"start":{"line":13,"column":26},"end":{"line":16,"column":4}},"loc":{"start":{"line":13,"column":26},"end":{"line":16,"column":4}},"line":13},"2":{"name":"handleAdd","decl":{"start":{"line":18,"column":20},"end":{"line":20,"column":4}},"loc":{"start":{"line":18,"column":20},"end":{"line":20,"column":4}},"line":18},"3":{"name":"onClick","decl":{"start":{"line":25,"column":23},"end":{"line":25,"column":43}},"loc":{"start":{"line":25,"column":23},"end":{"line":25,"column":43}},"line":25},"4":{"name":"onClick","decl":{"start":{"line":27,"column":23},"end":{"line":27,"column":49}},"loc":{"start":{"line":27,"column":23},"end":{"line":27,"column":49}},"line":27}},"f":{"0":9,"1":2,"2":1,"3":1,"4":2}}
}
